<?xml version="1.0" encoding="UTF-8"?>
<!-- Generated by org.testng.reporters.JUnitReportReporter -->
<testsuite skipped="4" hostname="DESKTOP-KQS99BN" name="selenium_tests.Runner" tests="258" failures="0" timestamp="08 Oct 2018 01:13:07 GMT" time="5015.456" errors="0">
  <testcase name="run_scenario" time="7.962" classname="selenium_tests.Runner"/>
  <testcase name="run_scenario" time="12.149" classname="selenium_tests.Runner"/>
  <testcase name="run_scenario" time="8.754" classname="selenium_tests.Runner"/>
  <testcase name="run_scenario" time="20.384" classname="selenium_tests.Runner"/>
  <testcase name="run_scenario" time="18.377" classname="selenium_tests.Runner"/>
  <testcase name="run_scenario" time="25.126" classname="selenium_tests.Runner"/>
  <testcase name="run_scenario" time="13.577" classname="selenium_tests.Runner"/>
  <testcase name="run_scenario" time="9.404" classname="selenium_tests.Runner"/>
  <testcase name="run_scenario" time="13.828" classname="selenium_tests.Runner"/>
  <testcase name="run_scenario" time="7.555" classname="selenium_tests.Runner"/>
  <testcase name="run_scenario" time="13.785" classname="selenium_tests.Runner"/>
  <testcase name="run_scenario" time="20.046" classname="selenium_tests.Runner"/>
  <testcase name="run_scenario" time="26.326" classname="selenium_tests.Runner"/>
  <testcase name="run_scenario" time="20.445" classname="selenium_tests.Runner"/>
  <testcase name="run_scenario" time="14.095" classname="selenium_tests.Runner"/>
  <testcase name="run_scenario" time="8.208" classname="selenium_tests.Runner"/>
  <testcase name="run_scenario" time="12.937" classname="selenium_tests.Runner"/>
  <testcase name="run_scenario" time="54.435" classname="selenium_tests.Runner"/>
  <testcase name="run_scenario" time="37.400" classname="selenium_tests.Runner"/>
  <testcase name="run_scenario" time="12.171" classname="selenium_tests.Runner"/>
  <testcase name="run_scenario" time="22.114" classname="selenium_tests.Runner"/>
  <testcase name="run_scenario" time="16.242" classname="selenium_tests.Runner"/>
  <testcase name="run_scenario" time="38.462" classname="selenium_tests.Runner"/>
  <testcase name="run_scenario" time="8.566" classname="selenium_tests.Runner"/>
  <testcase name="run_scenario" time="25.453" classname="selenium_tests.Runner"/>
  <testcase name="run_scenario" time="23.004" classname="selenium_tests.Runner"/>
  <testcase name="run_scenario" time="19.641" classname="selenium_tests.Runner"/>
  <testcase name="run_scenario" time="10.293" classname="selenium_tests.Runner"/>
  <testcase name="run_scenario" time="7.752" classname="selenium_tests.Runner"/>
  <testcase name="run_scenario" time="24.390" classname="selenium_tests.Runner"/>
  <testcase name="run_scenario" time="14.823" classname="selenium_tests.Runner"/>
  <testcase name="run_scenario" time="12.729" classname="selenium_tests.Runner"/>
  <testcase name="run_scenario" time="18.631" classname="selenium_tests.Runner"/>
  <testcase name="run_scenario" time="15.530" classname="selenium_tests.Runner"/>
  <testcase name="run_scenario" time="14.278" classname="selenium_tests.Runner"/>
  <testcase name="run_scenario" time="7.319" classname="selenium_tests.Runner"/>
  <testcase name="run_scenario" time="24.061" classname="selenium_tests.Runner"/>
  <testcase name="run_scenario" time="16.367" classname="selenium_tests.Runner">
    <skipped/>
  </testcase> <!-- run_scenario -->
  <testcase name="run_scenario" time="13.714" classname="selenium_tests.Runner"/>
  <testcase name="run_scenario" time="16.132" classname="selenium_tests.Runner"/>
  <testcase name="run_scenario" time="14.592" classname="selenium_tests.Runner"/>
  <testcase name="run_scenario" time="38.988" classname="selenium_tests.Runner"/>
  <testcase name="run_scenario" time="9.533" classname="selenium_tests.Runner"/>
  <testcase name="run_scenario" time="19.700" classname="selenium_tests.Runner"/>
  <testcase name="run_scenario" time="26.493" classname="selenium_tests.Runner"/>
  <testcase name="run_scenario" time="17.992" classname="selenium_tests.Runner"/>
  <testcase name="run_scenario" time="7.084" classname="selenium_tests.Runner"/>
  <testcase name="run_scenario" time="24.654" classname="selenium_tests.Runner"/>
  <testcase name="run_scenario" time="23.262" classname="selenium_tests.Runner"/>
  <testcase name="run_scenario" time="12.630" classname="selenium_tests.Runner"/>
  <testcase name="run_scenario" time="30.517" classname="selenium_tests.Runner"/>
  <testcase name="run_scenario" time="46.301" classname="selenium_tests.Runner"/>
  <testcase name="run_scenario" time="13.662" classname="selenium_tests.Runner"/>
  <testcase name="run_scenario" time="19.362" classname="selenium_tests.Runner"/>
  <testcase name="run_scenario" time="20.574" classname="selenium_tests.Runner"/>
  <testcase name="run_scenario" time="6.827" classname="selenium_tests.Runner"/>
  <testcase name="run_scenario" time="9.168" classname="selenium_tests.Runner"/>
  <testcase name="run_scenario" time="10.119" classname="selenium_tests.Runner"/>
  <testcase name="run_scenario" time="11.225" classname="selenium_tests.Runner"/>
  <testcase name="run_scenario" time="16.156" classname="selenium_tests.Runner"/>
  <testcase name="run_scenario" time="12.311" classname="selenium_tests.Runner"/>
  <testcase name="run_scenario" time="6.467" classname="selenium_tests.Runner"/>
  <testcase name="run_scenario" time="8.324" classname="selenium_tests.Runner"/>
  <testcase name="run_scenario" time="13.517" classname="selenium_tests.Runner"/>
  <testcase name="run_scenario" time="13.223" classname="selenium_tests.Runner"/>
  <testcase name="run_scenario" time="47.885" classname="selenium_tests.Runner"/>
  <testcase name="run_scenario" time="24.338" classname="selenium_tests.Runner"/>
  <testcase name="run_scenario" time="24.235" classname="selenium_tests.Runner"/>
  <testcase name="run_scenario" time="19.150" classname="selenium_tests.Runner"/>
  <testcase name="run_scenario" time="47.480" classname="selenium_tests.Runner"/>
  <testcase name="run_scenario" time="8.208" classname="selenium_tests.Runner"/>
  <testcase name="run_scenario" time="49.916" classname="selenium_tests.Runner"/>
  <testcase name="run_scenario" time="12.477" classname="selenium_tests.Runner"/>
  <testcase name="run_scenario" time="26.327" classname="selenium_tests.Runner"/>
  <testcase name="run_scenario" time="24.622" classname="selenium_tests.Runner"/>
  <testcase name="run_scenario" time="15.378" classname="selenium_tests.Runner"/>
  <testcase name="run_scenario" time="142.413" classname="selenium_tests.Runner"/>
  <testcase name="run_scenario" time="31.502" classname="selenium_tests.Runner"/>
  <testcase name="run_scenario" time="50.164" classname="selenium_tests.Runner"/>
  <testcase name="run_scenario" time="19.741" classname="selenium_tests.Runner"/>
  <testcase name="run_scenario" time="10.704" classname="selenium_tests.Runner"/>
  <testcase name="run_scenario" time="13.173" classname="selenium_tests.Runner"/>
  <testcase name="run_scenario" time="7.027" classname="selenium_tests.Runner"/>
  <testcase name="run_scenario" time="10.301" classname="selenium_tests.Runner"/>
  <testcase name="run_scenario" time="26.585" classname="selenium_tests.Runner"/>
  <testcase name="run_scenario" time="12.947" classname="selenium_tests.Runner"/>
  <testcase name="run_scenario" time="30.332" classname="selenium_tests.Runner"/>
  <testcase name="run_scenario" time="15.517" classname="selenium_tests.Runner"/>
  <testcase name="run_scenario" time="19.278" classname="selenium_tests.Runner"/>
  <testcase name="run_scenario" time="18.172" classname="selenium_tests.Runner"/>
  <testcase name="run_scenario" time="17.904" classname="selenium_tests.Runner"/>
  <testcase name="run_scenario" time="7.234" classname="selenium_tests.Runner"/>
  <testcase name="run_scenario" time="29.027" classname="selenium_tests.Runner"/>
  <testcase name="run_scenario" time="6.431" classname="selenium_tests.Runner"/>
  <testcase name="run_scenario" time="24.636" classname="selenium_tests.Runner"/>
  <testcase name="run_scenario" time="45.099" classname="selenium_tests.Runner"/>
  <testcase name="run_scenario" time="11.607" classname="selenium_tests.Runner"/>
  <testcase name="run_scenario" time="14.211" classname="selenium_tests.Runner"/>
  <testcase name="run_scenario" time="16.594" classname="selenium_tests.Runner"/>
  <testcase name="run_scenario" time="14.034" classname="selenium_tests.Runner"/>
  <testcase name="run_scenario" time="11.396" classname="selenium_tests.Runner"/>
  <testcase name="run_scenario" time="20.130" classname="selenium_tests.Runner"/>
  <testcase name="run_scenario" time="12.254" classname="selenium_tests.Runner"/>
  <testcase name="run_scenario" time="11.831" classname="selenium_tests.Runner"/>
  <testcase name="run_scenario" time="21.304" classname="selenium_tests.Runner"/>
  <testcase name="run_scenario" time="12.763" classname="selenium_tests.Runner"/>
  <testcase name="run_scenario" time="4.948" classname="selenium_tests.Runner"/>
  <testcase name="run_scenario" time="12.085" classname="selenium_tests.Runner"/>
  <testcase name="run_scenario" time="13.737" classname="selenium_tests.Runner"/>
  <testcase name="run_scenario" time="13.551" classname="selenium_tests.Runner"/>
  <testcase name="run_scenario" time="22.176" classname="selenium_tests.Runner"/>
  <testcase name="run_scenario" time="16.055" classname="selenium_tests.Runner"/>
  <testcase name="run_scenario" time="27.312" classname="selenium_tests.Runner"/>
  <testcase name="run_scenario" time="20.562" classname="selenium_tests.Runner"/>
  <testcase name="run_scenario" time="18.295" classname="selenium_tests.Runner"/>
  <testcase name="run_scenario" time="27.291" classname="selenium_tests.Runner"/>
  <testcase name="run_scenario" time="39.413" classname="selenium_tests.Runner"/>
  <testcase name="run_scenario" time="8.784" classname="selenium_tests.Runner"/>
  <testcase name="run_scenario" time="8.571" classname="selenium_tests.Runner"/>
  <testcase name="run_scenario" time="31.151" classname="selenium_tests.Runner"/>
  <testcase name="run_scenario" time="11.213" classname="selenium_tests.Runner"/>
  <testcase name="run_scenario" time="12.826" classname="selenium_tests.Runner"/>
  <testcase name="run_scenario" time="15.362" classname="selenium_tests.Runner"/>
  <testcase name="run_scenario" time="20.795" classname="selenium_tests.Runner"/>
  <testcase name="run_scenario" time="25.708" classname="selenium_tests.Runner"/>
  <testcase name="run_scenario" time="20.359" classname="selenium_tests.Runner"/>
  <testcase name="run_scenario" time="12.815" classname="selenium_tests.Runner"/>
  <testcase name="run_scenario" time="16.817" classname="selenium_tests.Runner"/>
  <testcase name="run_scenario" time="16.361" classname="selenium_tests.Runner"/>
  <testcase name="run_scenario" time="19.053" classname="selenium_tests.Runner"/>
  <testcase name="run_scenario" time="23.055" classname="selenium_tests.Runner"/>
  <testcase name="run_scenario" time="9.799" classname="selenium_tests.Runner"/>
  <testcase name="run_scenario" time="9.213" classname="selenium_tests.Runner"/>
  <testcase name="run_scenario" time="11.086" classname="selenium_tests.Runner"/>
  <testcase name="run_scenario" time="13.290" classname="selenium_tests.Runner"/>
  <testcase name="run_scenario" time="15.802" classname="selenium_tests.Runner"/>
  <testcase name="run_scenario" time="22.195" classname="selenium_tests.Runner"/>
  <testcase name="run_scenario" time="12.771" classname="selenium_tests.Runner"/>
  <testcase name="run_scenario" time="10.178" classname="selenium_tests.Runner"/>
  <testcase name="run_scenario" time="21.426" classname="selenium_tests.Runner"/>
  <testcase name="run_scenario" time="9.803" classname="selenium_tests.Runner"/>
  <testcase name="run_scenario" time="29.461" classname="selenium_tests.Runner"/>
  <testcase name="run_scenario" time="11.473" classname="selenium_tests.Runner"/>
  <testcase name="run_scenario" time="25.668" classname="selenium_tests.Runner"/>
  <testcase name="run_scenario" time="19.193" classname="selenium_tests.Runner"/>
  <testcase name="run_scenario" time="13.024" classname="selenium_tests.Runner"/>
  <testcase name="run_scenario" time="16.917" classname="selenium_tests.Runner"/>
  <testcase name="run_scenario" time="17.462" classname="selenium_tests.Runner"/>
  <testcase name="run_scenario" time="21.092" classname="selenium_tests.Runner"/>
  <testcase name="run_scenario" time="9.947" classname="selenium_tests.Runner"/>
  <testcase name="run_scenario" time="24.631" classname="selenium_tests.Runner"/>
  <testcase name="run_scenario" time="13.211" classname="selenium_tests.Runner"/>
  <testcase name="run_scenario" time="25.376" classname="selenium_tests.Runner"/>
  <testcase name="run_scenario" time="21.504" classname="selenium_tests.Runner"/>
  <testcase name="run_scenario" time="20.534" classname="selenium_tests.Runner"/>
  <testcase name="run_scenario" time="31.521" classname="selenium_tests.Runner"/>
  <testcase name="run_scenario" time="17.459" classname="selenium_tests.Runner"/>
  <testcase name="run_scenario" time="26.696" classname="selenium_tests.Runner"/>
  <testcase name="run_scenario" time="6.716" classname="selenium_tests.Runner"/>
  <testcase name="run_scenario" time="26.082" classname="selenium_tests.Runner"/>
  <testcase name="run_scenario" time="18.459" classname="selenium_tests.Runner"/>
  <testcase name="run_scenario" time="24.206" classname="selenium_tests.Runner"/>
  <testcase name="run_scenario" time="9.445" classname="selenium_tests.Runner"/>
  <testcase name="run_scenario" time="11.569" classname="selenium_tests.Runner"/>
  <testcase name="run_scenario" time="16.193" classname="selenium_tests.Runner"/>
  <testcase name="run_scenario" time="22.084" classname="selenium_tests.Runner"/>
  <testcase name="run_scenario" time="22.636" classname="selenium_tests.Runner"/>
  <testcase name="run_scenario" time="20.957" classname="selenium_tests.Runner"/>
  <testcase name="run_scenario" time="7.862" classname="selenium_tests.Runner"/>
  <testcase name="run_scenario" time="10.647" classname="selenium_tests.Runner"/>
  <testcase name="run_scenario" time="27.263" classname="selenium_tests.Runner"/>
  <testcase name="run_scenario" time="3.004" classname="selenium_tests.Runner"/>
  <testcase name="run_scenario" time="9.015" classname="selenium_tests.Runner"/>
  <testcase name="run_scenario" time="18.173" classname="selenium_tests.Runner"/>
  <testcase name="run_scenario" time="34.767" classname="selenium_tests.Runner"/>
  <testcase name="run_scenario" time="18.214" classname="selenium_tests.Runner"/>
  <testcase name="run_scenario" time="18.133" classname="selenium_tests.Runner"/>
  <testcase name="run_scenario" time="5.931" classname="selenium_tests.Runner"/>
  <testcase name="run_scenario" time="32.109" classname="selenium_tests.Runner"/>
  <testcase name="run_scenario" time="123.261" classname="selenium_tests.Runner"/>
  <testcase name="run_scenario" time="20.818" classname="selenium_tests.Runner"/>
  <testcase name="run_scenario" time="12.501" classname="selenium_tests.Runner"/>
  <testcase name="run_scenario" time="81.283" classname="selenium_tests.Runner"/>
  <testcase name="run_scenario" time="13.267" classname="selenium_tests.Runner"/>
  <testcase name="run_scenario" time="16.118" classname="selenium_tests.Runner">
    <skipped/>
  </testcase> <!-- run_scenario -->
  <testcase name="run_scenario" time="15.283" classname="selenium_tests.Runner"/>
  <testcase name="run_scenario" time="8.681" classname="selenium_tests.Runner"/>
  <testcase name="run_scenario" time="12.205" classname="selenium_tests.Runner"/>
  <testcase name="run_scenario" time="23.403" classname="selenium_tests.Runner"/>
  <testcase name="run_scenario" time="10.336" classname="selenium_tests.Runner"/>
  <testcase name="run_scenario" time="8.079" classname="selenium_tests.Runner"/>
  <testcase name="run_scenario" time="13.416" classname="selenium_tests.Runner"/>
  <testcase name="run_scenario" time="11.108" classname="selenium_tests.Runner"/>
  <testcase name="run_scenario" time="16.057" classname="selenium_tests.Runner"/>
  <testcase name="run_scenario" time="13.337" classname="selenium_tests.Runner"/>
  <testcase name="run_scenario" time="6.923" classname="selenium_tests.Runner"/>
  <testcase name="run_scenario" time="8.959" classname="selenium_tests.Runner"/>
  <testcase name="run_scenario" time="17.251" classname="selenium_tests.Runner"/>
  <testcase name="run_scenario" time="8.441" classname="selenium_tests.Runner"/>
  <testcase name="run_scenario" time="8.787" classname="selenium_tests.Runner"/>
  <testcase name="run_scenario" time="14.801" classname="selenium_tests.Runner"/>
  <testcase name="run_scenario" time="20.933" classname="selenium_tests.Runner"/>
  <testcase name="run_scenario" time="14.590" classname="selenium_tests.Runner"/>
  <testcase name="run_scenario" time="17.919" classname="selenium_tests.Runner"/>
  <testcase name="run_scenario" time="9.500" classname="selenium_tests.Runner"/>
  <testcase name="run_scenario" time="11.441" classname="selenium_tests.Runner"/>
  <testcase name="run_scenario" time="16.119" classname="selenium_tests.Runner"/>
  <testcase name="run_scenario" time="25.017" classname="selenium_tests.Runner"/>
  <testcase name="run_scenario" time="24.251" classname="selenium_tests.Runner"/>
  <testcase name="run_scenario" time="24.582" classname="selenium_tests.Runner"/>
  <testcase name="run_scenario" time="26.560" classname="selenium_tests.Runner"/>
  <testcase name="run_scenario" time="24.285" classname="selenium_tests.Runner"/>
  <testcase name="run_scenario" time="17.744" classname="selenium_tests.Runner"/>
  <testcase name="run_scenario" time="21.422" classname="selenium_tests.Runner"/>
  <testcase name="run_scenario" time="10.212" classname="selenium_tests.Runner"/>
  <testcase name="run_scenario" time="15.764" classname="selenium_tests.Runner"/>
  <testcase name="run_scenario" time="32.558" classname="selenium_tests.Runner"/>
  <testcase name="run_scenario" time="11.062" classname="selenium_tests.Runner"/>
  <testcase name="run_scenario" time="7.705" classname="selenium_tests.Runner"/>
  <testcase name="run_scenario" time="7.890" classname="selenium_tests.Runner"/>
  <testcase name="run_scenario" time="29.665" classname="selenium_tests.Runner"/>
  <testcase name="run_scenario" time="18.840" classname="selenium_tests.Runner"/>
  <testcase name="run_scenario" time="7.098" classname="selenium_tests.Runner"/>
  <testcase name="run_scenario" time="12.242" classname="selenium_tests.Runner"/>
  <testcase name="run_scenario" time="28.226" classname="selenium_tests.Runner"/>
  <testcase name="run_scenario" time="21.345" classname="selenium_tests.Runner"/>
  <testcase name="run_scenario" time="13.515" classname="selenium_tests.Runner">
    <skipped/>
  </testcase> <!-- run_scenario -->
  <testcase name="run_scenario" time="13.966" classname="selenium_tests.Runner"/>
  <testcase name="run_scenario" time="27.228" classname="selenium_tests.Runner"/>
  <testcase name="run_scenario" time="10.661" classname="selenium_tests.Runner"/>
  <testcase name="run_scenario" time="9.863" classname="selenium_tests.Runner"/>
  <testcase name="run_scenario" time="9.196" classname="selenium_tests.Runner"/>
  <testcase name="run_scenario" time="13.129" classname="selenium_tests.Runner"/>
  <testcase name="run_scenario" time="24.173" classname="selenium_tests.Runner"/>
  <testcase name="run_scenario" time="9.381" classname="selenium_tests.Runner"/>
  <testcase name="run_scenario" time="23.723" classname="selenium_tests.Runner"/>
  <testcase name="run_scenario" time="19.616" classname="selenium_tests.Runner"/>
  <testcase name="run_scenario" time="23.941" classname="selenium_tests.Runner"/>
  <testcase name="run_scenario" time="61.679" classname="selenium_tests.Runner"/>
  <testcase name="run_scenario" time="6.520" classname="selenium_tests.Runner"/>
  <testcase name="run_scenario" time="72.648" classname="selenium_tests.Runner"/>
  <testcase name="run_scenario" time="16.902" classname="selenium_tests.Runner"/>
  <testcase name="run_scenario" time="37.305" classname="selenium_tests.Runner"/>
  <testcase name="run_scenario" time="22.335" classname="selenium_tests.Runner"/>
  <testcase name="run_scenario" time="21.057" classname="selenium_tests.Runner"/>
  <testcase name="run_scenario" time="8.595" classname="selenium_tests.Runner"/>
  <testcase name="run_scenario" time="42.817" classname="selenium_tests.Runner"/>
  <testcase name="run_scenario" time="16.221" classname="selenium_tests.Runner"/>
  <testcase name="run_scenario" time="22.102" classname="selenium_tests.Runner"/>
  <testcase name="run_scenario" time="26.080" classname="selenium_tests.Runner">
    <skipped/>
  </testcase> <!-- run_scenario -->
  <testcase name="run_scenario" time="25.272" classname="selenium_tests.Runner"/>
  <testcase name="run_scenario" time="16.645" classname="selenium_tests.Runner"/>
  <testcase name="run_scenario" time="9.634" classname="selenium_tests.Runner"/>
  <testcase name="run_scenario" time="15.833" classname="selenium_tests.Runner"/>
  <testcase name="run_scenario" time="11.769" classname="selenium_tests.Runner"/>
  <testcase name="run_scenario" time="7.770" classname="selenium_tests.Runner"/>
  <testcase name="run_scenario" time="23.237" classname="selenium_tests.Runner"/>
  <testcase name="run_scenario" time="5.393" classname="selenium_tests.Runner"/>
</testsuite> <!-- selenium_tests.Runner -->
